<?xml version="1.0" encoding="UTF-8"?>
<testsuite xmlns:xsi="http://www.w3.org/2001/XMLSchema-instance" xsi:noNamespaceSchemaLocation="https://maven.apache.org/surefire/maven-surefire-plugin/xsd/surefire-test-report-3.0.xsd" version="3.0" name="ru.ui.tests.LoginPageTests" time="6.772" tests="4" errors="0" skipped="0" failures="0">
  <properties>
[...]
</properties>
  <testcase name="goToLoginPageViaLoginAccountLinkTest" classname="ru.ui.tests.LoginPageTests" time="2.138">
    <system-out><![CDATA[Request method:	POST
Request URI:	https://stellarburgers.nomoreparties.site/api/auth/login
Proxy:			<none>
Request params:	<none>
Query params:	<none>
Form params:	<none>
Path params:	<none>
Headers:		Accept=*/*
				Content-Type=application/json
Cookies:		<none>
Multiparts:		<none>
Body:
{
    "name": null,
    "email": null,
    "password": null
}
Message: Токен пустой. Удаление токена производиться не будет
]]></system-out>
  </testcase>
  <testcase name="goToLoginPageViaLoginAccountButtonTest" classname="ru.ui.tests.LoginPageTests" time="1.719">
    <system-out><![CDATA[Request method:	POST
Request URI:	https://stellarburgers.nomoreparties.site/api/auth/login
Proxy:			<none>
Request params:	<none>
Query params:	<none>
Form params:	<none>
Path params:	<none>
Headers:		Accept=*/*
				Content-Type=application/json
Cookies:		<none>
Multiparts:		<none>
Body:
{
    "name": null,
    "email": null,
    "password": null
}
Message: Токен пустой. Удаление токена производиться не будет
]]></system-out>
  </testcase>
  <testcase name="goToLoginPageViaLoginLinkInRegistrationPageTest" classname="ru.ui.tests.LoginPageTests" time="1.455">
    <system-out><![CDATA[Request method:	POST
Request URI:	https://stellarburgers.nomoreparties.site/api/auth/login
Proxy:			<none>
Request params:	<none>
Query params:	<none>
Form params:	<none>
Path params:	<none>
Headers:		Accept=*/*
				Content-Type=application/json
Cookies:		<none>
Multiparts:		<none>
Body:
{
    "name": null,
    "email": null,
    "password": null
}
Message: Токен пустой. Удаление токена производиться не будет
]]></system-out>
  </testcase>
  <testcase name="goToLoginPageViaLoginLinkInForgotPasswordPageTest" classname="ru.ui.tests.LoginPageTests" time="1.457">
    <system-out><![CDATA[Request method:	POST
Request URI:	https://stellarburgers.nomoreparties.site/api/auth/login
Proxy:			<none>
Request params:	<none>
Query params:	<none>
Form params:	<none>
Path params:	<none>
Headers:		Accept=*/*
				Content-Type=application/json
Cookies:		<none>
Multiparts:		<none>
Body:
{
    "name": null,
    "email": null,
    "password": null
}
Message: Токен пустой. Удаление токена производиться не будет
]]></system-out>
  </testcase>
</testsuite>